<?xml version="1.0" encoding="UTF-8"?>
<!-- Generated by org.testng.reporters.JUnitReportReporter -->
<testsuite hostname="LENOVO" failures="0" tests="1" name="testngpkg.Yatra" time="10.323" errors="0" timestamp="2023-07-31T11:11:12 IST" skipped="0">
  <testcase classname="testngpkg.Yatra" name="test1" time="10.323"/>
  <system-out/>
</testsuite> <!-- testngpkg.Yatra -->
