<?xml version="1.0" encoding="UTF-8"?>
<!-- Generated by org.testng.reporters.JUnitReportReporter -->
<testsuite hostname="LENOVO" failures="0" tests="3" name="testngpkg.Testngdemo" time="2.259" errors="0" timestamp="2023-05-26T15:07:59 IST" skipped="0">
  <testcase classname="testngpkg.Testngdemo" name="test3" time="0.675"/>
  <system-out/>
  <testcase classname="testngpkg.Testngdemo" name="test1" time="0.647"/>
  <system-out/>
  <testcase classname="testngpkg.Testngdemo" name="test2" time="0.937"/>
  <system-out/>
</testsuite> <!-- testngpkg.Testngdemo -->
