<?xml version="1.0" encoding="UTF-8"?>
<!-- Generated by org.testng.reporters.JUnitReportReporter -->
<testsuite hostname="LENOVO" failures="0" tests="1" name="testngpkg.Justdial" time="2.056" errors="0" timestamp="2023-06-13T11:43:45 IST" skipped="0">
  <testcase classname="testngpkg.Justdial" name="test1" time="2.056"/>
  <system-out/>
</testsuite> <!-- testngpkg.Justdial -->
