<?xml version="1.0" encoding="UTF-8"?>
<!-- Generated by org.testng.reporters.JUnitReportReporter -->
<testsuite hostname="LENOVO" failures="0" tests="1" name="test.Fbcreatetest" time="1.684" errors="0" timestamp="2023-06-07T14:43:51 IST" skipped="0">
  <testcase classname="test.Fbcreatetest" name="fbtest" time="1.684"/>
  <system-out/>
</testsuite> <!-- test.Fbcreatetest -->
