<?xml version="1.0" encoding="UTF-8"?>
<!-- Generated by org.testng.reporters.JUnitReportReporter -->
<testsuite hostname="LENOVO" failures="0" tests="1" name="testngpkg.Ebayprgm" time="91.290" errors="0" timestamp="2023-05-30T13:38:56 IST" skipped="0">
  <testcase classname="testngpkg.Ebayprgm" name="test1" time="91.290"/>
  <system-out/>
</testsuite> <!-- testngpkg.Ebayprgm -->
