<?xml version="1.0" encoding="UTF-8"?>
<!-- Generated by org.testng.reporters.JUnitReportReporter -->
<testsuite hostname="LENOVO" failures="0" tests="1" name="testngpkg.Program1" time="3.023" errors="0" timestamp="2023-05-30T14:39:01 IST" skipped="0">
  <testcase classname="testngpkg.Program1" name="test1" time="3.023"/>
  <system-out/>
</testsuite> <!-- testngpkg.Program1 -->
