<?xml version="1.0" encoding="UTF-8"?>
<!-- Generated by org.testng.reporters.JUnitReportReporter -->
<testsuite hostname="LENOVO" failures="0" tests="1" name="testngpkg.Fileuploadrobort" time="3.072" errors="0" timestamp="2023-06-02T14:36:19 IST" skipped="0">
  <testcase classname="testngpkg.Fileuploadrobort" name="filuploadprgm" time="3.072"/>
  <system-out/>
</testsuite> <!-- testngpkg.Fileuploadrobort -->
