<?xml version="1.0" encoding="UTF-8"?>
<!-- Generated by org.testng.reporters.JUnitReportReporter -->
<testsuite hostname="LENOVO" failures="0" tests="3" name="testngpkg.Testngprgm" time="0.004" errors="0" timestamp="2023-05-26T15:12:47 IST" skipped="0">
  <testcase classname="testngpkg.Testngprgm" name="test2" time="0.001"/>
  <system-out/>
  <testcase classname="testngpkg.Testngprgm" name="test1" time="0.003"/>
  <system-out/>
  <testcase classname="testngpkg.Testngprgm" name="test5" time="0.000"/>
  <system-out/>
</testsuite> <!-- testngpkg.Testngprgm -->
