<?xml version="1.0" encoding="UTF-8"?>
<!-- Generated by org.testng.reporters.JUnitReportReporter -->
<testsuite hostname="LENOVO" failures="0" tests="1" name="testngpkg.Windowhandler" time="5.868" errors="0" timestamp="2023-06-13T14:24:00 IST" skipped="0">
  <testcase classname="testngpkg.Windowhandler" name="test" time="5.868"/>
  <system-out/>
</testsuite> <!-- testngpkg.Windowhandler -->
