<?xml version="1.0" encoding="UTF-8"?>
<!-- Generated by org.testng.reporters.JUnitReportReporter -->
<testsuite hostname="LENOVO" failures="0" tests="1" name="testngpkg.makemytrip" time="0.384" errors="0" timestamp="2023-07-07T18:00:38 IST" skipped="0">
  <testcase classname="testngpkg.makemytrip" name="TripDetails" time="0.384"/>
  <system-out/>
</testsuite> <!-- testngpkg.makemytrip -->
