<?xml version="1.0" encoding="UTF-8"?>
<!-- Generated by org.testng.reporters.JUnitReportReporter -->
<testsuite hostname="LENOVO" failures="0" tests="1" name="testngpkg.Amazonwindow" time="17.369" errors="0" timestamp="2023-06-13T20:10:16 IST" skipped="0">
  <testcase classname="testngpkg.Amazonwindow" name="test" time="17.369"/>
  <system-out/>
</testsuite> <!-- testngpkg.Amazonwindow -->
