<?xml version="1.0" encoding="UTF-8"?>
<!-- Generated by org.testng.reporters.JUnitReportReporter -->
<testsuite hostname="LENOVO" failures="0" tests="1" name="testngpkg.Demoguru" time="3.156" errors="0" timestamp="2023-05-29T14:59:24 IST" skipped="0">
  <testcase classname="testngpkg.Demoguru" name="test1" time="3.156"/>
  <system-out/>
</testsuite> <!-- testngpkg.Demoguru -->
