<?xml version="1.0" encoding="UTF-8"?>
<!-- Generated by org.testng.reporters.JUnitReportReporter -->
<testsuite hostname="LENOVO" failures="0" tests="1" name="testngpkg.Ebay" time="4.772" errors="0" timestamp="2023-05-30T14:05:27 IST" skipped="0">
  <testcase classname="testngpkg.Ebay" name="test1" time="4.772"/>
  <system-out/>
</testsuite> <!-- testngpkg.Ebay -->
