<?xml version="1.0" encoding="UTF-8"?>
<!-- Generated by org.testng.reporters.JUnitReportReporter -->
<testsuite hostname="LENOVO" failures="0" tests="1" name="testngpkg.Demofileupload" time="0.222" errors="0" timestamp="2023-06-02T12:45:27 IST" skipped="0">
  <testcase classname="testngpkg.Demofileupload" name="test" time="0.222"/>
  <system-out/>
</testsuite> <!-- testngpkg.Demofileupload -->
