<?xml version="1.0" encoding="UTF-8"?>
<!-- Generated by org.testng.reporters.JUnitReportReporter -->
<testsuite hostname="LENOVO" failures="0" tests="1" name="testngpkg.Prameterised" time="0.974" errors="0" timestamp="2023-05-30T15:01:34 IST" skipped="0">
  <testcase classname="testngpkg.Prameterised" name="test1" time="0.974"/>
  <system-out/>
</testsuite> <!-- testngpkg.Prameterised -->
