<?xml version="1.0" encoding="UTF-8"?>
<!-- Generated by org.testng.reporters.JUnitReportReporter -->
<testsuite hostname="LENOVO" failures="0" tests="3" name="testngpkg.Crossbrowser" time="6.224" errors="0" timestamp="2023-06-01T14:18:56 IST" skipped="0">
  <testcase classname="testngpkg.Crossbrowser" name="test" time="1.013"/>
  <system-out/>
  <testcase classname="testngpkg.Crossbrowser" name="test" time="1.081"/>
  <system-out/>
  <testcase classname="testngpkg.Crossbrowser" name="test" time="4.130"/>
  <system-out/>
</testsuite> <!-- testngpkg.Crossbrowser -->
