<?xml version="1.0" encoding="UTF-8"?>
<!-- Generated by org.testng.reporters.JUnitReportReporter -->
<testsuite hostname="LENOVO" failures="0" tests="2" name="testngpkg.Rediffmail" time="3.245" errors="0" timestamp="2023-05-29T13:32:16 IST" skipped="0">
  <testcase classname="testngpkg.Rediffmail" name="test" time="0.562"/>
  <system-out/>
  <testcase classname="testngpkg.Rediffmail" name="test1" time="2.683"/>
  <system-out/>
</testsuite> <!-- testngpkg.Rediffmail -->
