<?xml version="1.0" encoding="UTF-8"?>
<!-- Generated by org.testng.reporters.JUnitReportReporter -->
<testsuite hostname="LENOVO" failures="0" tests="1" name="testngpkg.Assertionprgm" time="0.011" errors="0" timestamp="2023-06-01T14:38:16 IST" skipped="0">
  <testcase classname="testngpkg.Assertionprgm" name="test" time="0.011"/>
  <system-out/>
</testsuite> <!-- testngpkg.Assertionprgm -->
